<?xml version="1.0" encoding="UTF-8"?>
<!-- Generated by org.testng.reporters.JUnitReportReporter -->
<testsuite skipped="0" hostname="cn-pdc-d-zhilin" name="com.kodak.selenium.icw.test.ReviewTest" tests="1" failures="0" timestamp="11 Apr 2017 09:29:34 GMT" time="16.553" errors="0">
  <testcase name="testPreference" time="16.553" classname="com.kodak.selenium.icw.test.ReviewTest"/>
</testsuite> <!-- com.kodak.selenium.icw.test.ReviewTest -->
