<?xml version="1.0" encoding="UTF-8"?>
<!-- Generated by org.testng.reporters.JUnitReportReporter -->
<testsuite skipped="0" hostname="cn-pdc-d-zhilin" name="com.kodak.selenium.icw.test.NewTest" tests="1" failures="0" timestamp="21 Mar 2017 08:20:03 GMT" time="0.258" errors="0">
  <testcase name="f" time="0.258" classname="com.kodak.selenium.icw.test.NewTest"/>
</testsuite> <!-- com.kodak.selenium.icw.test.NewTest -->
