<?xml version="1.0" encoding="UTF-8"?>
<!-- Generated by org.testng.reporters.JUnitReportReporter -->
<testsuite skipped="0" hostname="cn-pdc-d-zhilin" name="com.kodak.selenium.test.TestStudy" tests="1" failures="0" timestamp="22 Mar 2017 06:32:27 GMT" time="0.099" errors="0">
  <testcase name="f" time="0.099" classname="com.kodak.selenium.test.TestStudy"/>
</testsuite> <!-- com.kodak.selenium.test.TestStudy -->
