<?xml version="1.0" encoding="UTF-8"?>
<!-- Generated by org.testng.reporters.JUnitReportReporter -->
<testsuite skipped="0" hostname="cn-pdc-d-zhilin" name="com.kodak.selenium.icw.test.FirstTest" tests="1" failures="0" timestamp="21 Mar 2017 03:15:13 GMT" time="41.261" errors="0">
  <testcase name="f" time="41.261" classname="com.kodak.selenium.icw.test.FirstTest"/>
</testsuite> <!-- com.kodak.selenium.icw.test.FirstTest -->
