<?xml version="1.0" encoding="UTF-8"?>
<!-- Generated by org.testng.reporters.JUnitReportReporter -->
<testsuite skipped="0" hostname="cn-pdc-d-zhilin" name="com.kodak.selenium.test.Test1" tests="1" failures="0" timestamp="31 Mar 2017 08:27:42 GMT" time="0.000" errors="0">
  <testcase name="studyRegex" time="0.000" classname="com.kodak.selenium.test.Test1"/>
</testsuite> <!-- com.kodak.selenium.test.Test1 -->
