<?xml version="1.0" encoding="UTF-8"?>
<!-- Generated by org.testng.reporters.JUnitReportReporter -->
<testsuite skipped="0" hostname="cn-pdc-d-zhilin" name="com.kodak.selenium.test.ObjectRepositoryTest" tests="1" failures="0" timestamp="07 Apr 2017 09:12:32 GMT" time="297.968" errors="0">
  <testcase name="test" time="297.968" classname="com.kodak.selenium.test.ObjectRepositoryTest"/>
</testsuite> <!-- com.kodak.selenium.test.ObjectRepositoryTest -->
